[0.066s] DEBUG:colcon:Command line arguments: ['/usr/bin/colcon', 'build']
[0.066s] DEBUG:colcon:Parsed command line arguments: Namespace(log_base=None, log_level=None, verb_name='build', build_base='build', install_base='install', merge_install=False, symlink_install=False, test_result_base=None, continue_on_error=False, executor='parallel', parallel_workers=16, event_handlers=None, ignore_user_meta=False, metas=['./colcon.meta'], base_paths=['.'], packages_ignore=None, packages_ignore_regex=None, paths=None, packages_up_to=None, packages_up_to_regex=None, packages_above=None, packages_above_and_dependencies=None, packages_above_depth=None, packages_select_by_dep=None, packages_skip_by_dep=None, packages_skip_up_to=None, packages_select_build_failed=False, packages_skip_build_finished=False, packages_select_test_failures=False, packages_skip_test_passed=False, packages_select=None, packages_skip=None, packages_select_regex=None, packages_skip_regex=None, packages_start=None, packages_end=None, allow_overriding=[], cmake_args=None, cmake_target=None, cmake_target_skip_unavailable=False, cmake_clean_cache=False, cmake_clean_first=False, cmake_force_configure=False, ament_cmake_args=None, catkin_cmake_args=None, catkin_skip_building_tests=False, mixin_files=None, mixin=None, verb_parser=<colcon_mixin.mixin.mixin_argument.MixinArgumentDecorator object at 0x7785c24656f0>, verb_extension=<colcon_core.verb.build.BuildVerb object at 0x7785c25726e0>, main=<bound method BuildVerb.main of <colcon_core.verb.build.BuildVerb object at 0x7785c25726e0>>, mixin_verb=('build',))
[0.158s] Level 1:colcon.colcon_core.package_discovery:discover_packages(colcon_meta) check parameters
[0.158s] Level 1:colcon.colcon_core.package_discovery:discover_packages(recursive) check parameters
[0.158s] Level 1:colcon.colcon_core.package_discovery:discover_packages(ignore) check parameters
[0.158s] Level 1:colcon.colcon_core.package_discovery:discover_packages(path) check parameters
[0.158s] Level 1:colcon.colcon_core.package_discovery:discover_packages(colcon_meta) discover
[0.158s] Level 1:colcon.colcon_core.package_discovery:discover_packages(recursive) discover
[0.158s] INFO:colcon.colcon_core.package_discovery:Crawling recursively for packages in '/home/tejasarjuna/Learning_phase'
[0.159s] Level 1:colcon.colcon_core.package_identification:_identify(.) by extensions ['ignore', 'ignore_ament_install']
[0.159s] Level 1:colcon.colcon_core.package_identification:_identify(.) by extension 'ignore'
[0.159s] Level 1:colcon.colcon_core.package_identification:_identify(.) by extension 'ignore_ament_install'
[0.159s] Level 1:colcon.colcon_core.package_identification:_identify(.) by extensions ['colcon_pkg']
[0.159s] Level 1:colcon.colcon_core.package_identification:_identify(.) by extension 'colcon_pkg'
[0.159s] Level 1:colcon.colcon_core.package_identification:_identify(.) by extensions ['colcon_meta']
[0.159s] Level 1:colcon.colcon_core.package_identification:_identify(.) by extension 'colcon_meta'
[0.159s] Level 1:colcon.colcon_core.package_identification:_identify(.) by extensions ['ros']
[0.159s] Level 1:colcon.colcon_core.package_identification:_identify(.) by extension 'ros'
[0.165s] Level 1:colcon.colcon_core.package_identification:_identify(.) by extensions ['cmake', 'python']
[0.166s] Level 1:colcon.colcon_core.package_identification:_identify(.) by extension 'cmake'
[0.166s] Level 1:colcon.colcon_core.package_identification:_identify(.) by extension 'python'
[0.166s] Level 1:colcon.colcon_core.package_identification:_identify(.) by extensions ['python_setup_py']
[0.166s] Level 1:colcon.colcon_core.package_identification:_identify(.) by extension 'python_setup_py'
[0.166s] Level 1:colcon.colcon_core.package_identification:_identify(build) by extensions ['ignore', 'ignore_ament_install']
[0.166s] Level 1:colcon.colcon_core.package_identification:_identify(build) by extension 'ignore'
[0.166s] Level 1:colcon.colcon_core.package_identification:_identify(build) ignored
[0.166s] Level 1:colcon.colcon_core.package_identification:_identify(install) by extensions ['ignore', 'ignore_ament_install']
[0.166s] Level 1:colcon.colcon_core.package_identification:_identify(install) by extension 'ignore'
[0.166s] Level 1:colcon.colcon_core.package_identification:_identify(install) ignored
[0.166s] Level 1:colcon.colcon_core.package_identification:_identify(log) by extensions ['ignore', 'ignore_ament_install']
[0.166s] Level 1:colcon.colcon_core.package_identification:_identify(log) by extension 'ignore'
[0.166s] Level 1:colcon.colcon_core.package_identification:_identify(log) ignored
[0.166s] Level 1:colcon.colcon_core.package_identification:_identify(src) by extensions ['ignore', 'ignore_ament_install']
[0.166s] Level 1:colcon.colcon_core.package_identification:_identify(src) by extension 'ignore'
[0.166s] Level 1:colcon.colcon_core.package_identification:_identify(src) by extension 'ignore_ament_install'
[0.166s] Level 1:colcon.colcon_core.package_identification:_identify(src) by extensions ['colcon_pkg']
[0.166s] Level 1:colcon.colcon_core.package_identification:_identify(src) by extension 'colcon_pkg'
[0.166s] Level 1:colcon.colcon_core.package_identification:_identify(src) by extensions ['colcon_meta']
[0.166s] Level 1:colcon.colcon_core.package_identification:_identify(src) by extension 'colcon_meta'
[0.166s] Level 1:colcon.colcon_core.package_identification:_identify(src) by extensions ['ros']
[0.166s] Level 1:colcon.colcon_core.package_identification:_identify(src) by extension 'ros'
[0.166s] Level 1:colcon.colcon_core.package_identification:_identify(src) by extensions ['cmake', 'python']
[0.166s] Level 1:colcon.colcon_core.package_identification:_identify(src) by extension 'cmake'
[0.166s] Level 1:colcon.colcon_core.package_identification:_identify(src) by extension 'python'
[0.166s] Level 1:colcon.colcon_core.package_identification:_identify(src) by extensions ['python_setup_py']
[0.166s] Level 1:colcon.colcon_core.package_identification:_identify(src) by extension 'python_setup_py'
[0.166s] Level 1:colcon.colcon_core.package_identification:_identify(src/diamond_shape_turtle) by extensions ['ignore', 'ignore_ament_install']
[0.166s] Level 1:colcon.colcon_core.package_identification:_identify(src/diamond_shape_turtle) by extension 'ignore'
[0.166s] Level 1:colcon.colcon_core.package_identification:_identify(src/diamond_shape_turtle) by extension 'ignore_ament_install'
[0.166s] Level 1:colcon.colcon_core.package_identification:_identify(src/diamond_shape_turtle) by extensions ['colcon_pkg']
[0.166s] Level 1:colcon.colcon_core.package_identification:_identify(src/diamond_shape_turtle) by extension 'colcon_pkg'
[0.167s] Level 1:colcon.colcon_core.package_identification:_identify(src/diamond_shape_turtle) by extensions ['colcon_meta']
[0.167s] Level 1:colcon.colcon_core.package_identification:_identify(src/diamond_shape_turtle) by extension 'colcon_meta'
[0.167s] Level 1:colcon.colcon_core.package_identification:_identify(src/diamond_shape_turtle) by extensions ['ros']
[0.167s] Level 1:colcon.colcon_core.package_identification:_identify(src/diamond_shape_turtle) by extension 'ros'
[0.168s] DEBUG:colcon.colcon_core.package_identification:Package 'src/diamond_shape_turtle' with type 'ros.ament_python' and name 'diamond_shape_turtle'
[0.168s] Level 1:colcon.colcon_core.package_identification:_identify(src/publisher_subscription) by extensions ['ignore', 'ignore_ament_install']
[0.168s] Level 1:colcon.colcon_core.package_identification:_identify(src/publisher_subscription) by extension 'ignore'
[0.168s] Level 1:colcon.colcon_core.package_identification:_identify(src/publisher_subscription) by extension 'ignore_ament_install'
[0.168s] Level 1:colcon.colcon_core.package_identification:_identify(src/publisher_subscription) by extensions ['colcon_pkg']
[0.168s] Level 1:colcon.colcon_core.package_identification:_identify(src/publisher_subscription) by extension 'colcon_pkg'
[0.168s] Level 1:colcon.colcon_core.package_identification:_identify(src/publisher_subscription) by extensions ['colcon_meta']
[0.168s] Level 1:colcon.colcon_core.package_identification:_identify(src/publisher_subscription) by extension 'colcon_meta'
[0.168s] Level 1:colcon.colcon_core.package_identification:_identify(src/publisher_subscription) by extensions ['ros']
[0.168s] Level 1:colcon.colcon_core.package_identification:_identify(src/publisher_subscription) by extension 'ros'
[0.169s] DEBUG:colcon.colcon_core.package_identification:Package 'src/publisher_subscription' with type 'ros.ament_python' and name 'publisher_subscription'
[0.169s] Level 1:colcon.colcon_core.package_discovery:discover_packages(recursive) using defaults
[0.169s] Level 1:colcon.colcon_core.package_discovery:discover_packages(ignore) discover
[0.169s] Level 1:colcon.colcon_core.package_discovery:discover_packages(ignore) using defaults
[0.169s] Level 1:colcon.colcon_core.package_discovery:discover_packages(path) discover
[0.169s] Level 1:colcon.colcon_core.package_discovery:discover_packages(path) using defaults
[0.187s] Level 1:colcon.colcon_core.package_discovery:discover_packages(prefix_path) check parameters
[0.187s] Level 1:colcon.colcon_core.package_discovery:discover_packages(prefix_path) discover
[0.188s] DEBUG:colcon.colcon_installed_package_information.package_discovery:Found 2 installed packages in /home/tejasarjuna/Learning_phase/install
[0.188s] DEBUG:colcon.colcon_installed_package_information.package_discovery:Found 273 installed packages in /opt/ros/humble
[0.189s] Level 1:colcon.colcon_core.package_discovery:discover_packages(prefix_path) using defaults
[0.210s] Level 5:colcon.colcon_core.verb:set package 'diamond_shape_turtle' build argument 'cmake_args' from command line to 'None'
[0.210s] Level 5:colcon.colcon_core.verb:set package 'diamond_shape_turtle' build argument 'cmake_target' from command line to 'None'
[0.210s] Level 5:colcon.colcon_core.verb:set package 'diamond_shape_turtle' build argument 'cmake_target_skip_unavailable' from command line to 'False'
[0.210s] Level 5:colcon.colcon_core.verb:set package 'diamond_shape_turtle' build argument 'cmake_clean_cache' from command line to 'False'
[0.210s] Level 5:colcon.colcon_core.verb:set package 'diamond_shape_turtle' build argument 'cmake_clean_first' from command line to 'False'
[0.210s] Level 5:colcon.colcon_core.verb:set package 'diamond_shape_turtle' build argument 'cmake_force_configure' from command line to 'False'
[0.210s] Level 5:colcon.colcon_core.verb:set package 'diamond_shape_turtle' build argument 'ament_cmake_args' from command line to 'None'
[0.210s] Level 5:colcon.colcon_core.verb:set package 'diamond_shape_turtle' build argument 'catkin_cmake_args' from command line to 'None'
[0.210s] Level 5:colcon.colcon_core.verb:set package 'diamond_shape_turtle' build argument 'catkin_skip_building_tests' from command line to 'False'
[0.210s] DEBUG:colcon.colcon_core.verb:Building package 'diamond_shape_turtle' with the following arguments: {'ament_cmake_args': None, 'build_base': '/home/tejasarjuna/Learning_phase/build/diamond_shape_turtle', 'catkin_cmake_args': None, 'catkin_skip_building_tests': False, 'cmake_args': None, 'cmake_clean_cache': False, 'cmake_clean_first': False, 'cmake_force_configure': False, 'cmake_target': None, 'cmake_target_skip_unavailable': False, 'install_base': '/home/tejasarjuna/Learning_phase/install/diamond_shape_turtle', 'merge_install': False, 'path': '/home/tejasarjuna/Learning_phase/src/diamond_shape_turtle', 'symlink_install': False, 'test_result_base': None}
[0.210s] Level 5:colcon.colcon_core.verb:set package 'publisher_subscription' build argument 'cmake_args' from command line to 'None'
[0.210s] Level 5:colcon.colcon_core.verb:set package 'publisher_subscription' build argument 'cmake_target' from command line to 'None'
[0.211s] Level 5:colcon.colcon_core.verb:set package 'publisher_subscription' build argument 'cmake_target_skip_unavailable' from command line to 'False'
[0.211s] Level 5:colcon.colcon_core.verb:set package 'publisher_subscription' build argument 'cmake_clean_cache' from command line to 'False'
[0.211s] Level 5:colcon.colcon_core.verb:set package 'publisher_subscription' build argument 'cmake_clean_first' from command line to 'False'
[0.211s] Level 5:colcon.colcon_core.verb:set package 'publisher_subscription' build argument 'cmake_force_configure' from command line to 'False'
[0.211s] Level 5:colcon.colcon_core.verb:set package 'publisher_subscription' build argument 'ament_cmake_args' from command line to 'None'
[0.211s] Level 5:colcon.colcon_core.verb:set package 'publisher_subscription' build argument 'catkin_cmake_args' from command line to 'None'
[0.211s] Level 5:colcon.colcon_core.verb:set package 'publisher_subscription' build argument 'catkin_skip_building_tests' from command line to 'False'
[0.211s] DEBUG:colcon.colcon_core.verb:Building package 'publisher_subscription' with the following arguments: {'ament_cmake_args': None, 'build_base': '/home/tejasarjuna/Learning_phase/build/publisher_subscription', 'catkin_cmake_args': None, 'catkin_skip_building_tests': False, 'cmake_args': None, 'cmake_clean_cache': False, 'cmake_clean_first': False, 'cmake_force_configure': False, 'cmake_target': None, 'cmake_target_skip_unavailable': False, 'install_base': '/home/tejasarjuna/Learning_phase/install/publisher_subscription', 'merge_install': False, 'path': '/home/tejasarjuna/Learning_phase/src/publisher_subscription', 'symlink_install': False, 'test_result_base': None}
[0.211s] INFO:colcon.colcon_core.executor:Executing jobs using 'parallel' executor
[0.211s] DEBUG:colcon.colcon_parallel_executor.executor.parallel:run_until_complete
[0.212s] INFO:colcon.colcon_ros.task.ament_python.build:Building ROS package in '/home/tejasarjuna/Learning_phase/src/diamond_shape_turtle' with build type 'ament_python'
[0.212s] Level 1:colcon.colcon_core.shell:create_environment_hook('diamond_shape_turtle', 'ament_prefix_path')
[0.213s] INFO:colcon.colcon_core.plugin_system:Skipping extension 'colcon_core.shell.bat': Not used on non-Windows systems
[0.213s] INFO:colcon.colcon_core.shell:Creating environment hook '/home/tejasarjuna/Learning_phase/install/diamond_shape_turtle/share/diamond_shape_turtle/hook/ament_prefix_path.ps1'
[0.213s] INFO:colcon.colcon_core.shell:Creating environment descriptor '/home/tejasarjuna/Learning_phase/install/diamond_shape_turtle/share/diamond_shape_turtle/hook/ament_prefix_path.dsv'
[0.214s] INFO:colcon.colcon_core.shell:Creating environment hook '/home/tejasarjuna/Learning_phase/install/diamond_shape_turtle/share/diamond_shape_turtle/hook/ament_prefix_path.sh'
[0.214s] INFO:colcon.colcon_core.shell:Skip shell extension 'powershell' for command environment: Not usable outside of PowerShell
[0.214s] DEBUG:colcon.colcon_core.shell:Skip shell extension 'dsv' for command environment
[0.216s] INFO:colcon.colcon_ros.task.ament_python.build:Building ROS package in '/home/tejasarjuna/Learning_phase/src/publisher_subscription' with build type 'ament_python'
[0.216s] Level 1:colcon.colcon_core.shell:create_environment_hook('publisher_subscription', 'ament_prefix_path')
[0.216s] INFO:colcon.colcon_core.shell:Creating environment hook '/home/tejasarjuna/Learning_phase/install/publisher_subscription/share/publisher_subscription/hook/ament_prefix_path.ps1'
[0.216s] INFO:colcon.colcon_core.shell:Creating environment descriptor '/home/tejasarjuna/Learning_phase/install/publisher_subscription/share/publisher_subscription/hook/ament_prefix_path.dsv'
[0.217s] INFO:colcon.colcon_core.shell:Creating environment hook '/home/tejasarjuna/Learning_phase/install/publisher_subscription/share/publisher_subscription/hook/ament_prefix_path.sh'
[0.217s] INFO:colcon.colcon_core.shell:Skip shell extension 'powershell' for command environment: Not usable outside of PowerShell
[0.217s] DEBUG:colcon.colcon_core.shell:Skip shell extension 'dsv' for command environment
[0.388s] INFO:colcon.colcon_core.task.python.build:Building Python package in '/home/tejasarjuna/Learning_phase/src/diamond_shape_turtle'
[0.388s] INFO:colcon.colcon_core.shell:Skip shell extension 'powershell' for command environment: Not usable outside of PowerShell
[0.388s] DEBUG:colcon.colcon_core.shell:Skip shell extension 'dsv' for command environment
[0.533s] INFO:colcon.colcon_core.task.python.build:Building Python package in '/home/tejasarjuna/Learning_phase/src/publisher_subscription'
[0.534s] INFO:colcon.colcon_core.shell:Skip shell extension 'powershell' for command environment: Not usable outside of PowerShell
[0.534s] DEBUG:colcon.colcon_core.shell:Skip shell extension 'dsv' for command environment
[0.730s] DEBUG:colcon.colcon_core.event_handler.log_command:Invoking command in '/home/tejasarjuna/Learning_phase/src/publisher_subscription': PYTHONPATH=/home/tejasarjuna/Learning_phase/build/publisher_subscription/prefix_override:/usr/lib/python3/dist-packages/colcon_core/task/python/colcon_distutils_commands:/home/tejasarjuna/Learning_phase/install/publisher_subscription/lib/python3.10/site-packages:${PYTHONPATH} /usr/bin/python3 -W ignore:setup.py install is deprecated -W ignore:easy_install command is deprecated setup.py egg_info --egg-base ../../build/publisher_subscription build --build-base /home/tejasarjuna/Learning_phase/build/publisher_subscription/build install --record /home/tejasarjuna/Learning_phase/build/publisher_subscription/install.log --single-version-externally-managed install_data
[0.741s] DEBUG:colcon.colcon_core.event_handler.log_command:Invoking command in '/home/tejasarjuna/Learning_phase/src/diamond_shape_turtle': PYTHONPATH=/home/tejasarjuna/Learning_phase/build/diamond_shape_turtle/prefix_override:/usr/lib/python3/dist-packages/colcon_core/task/python/colcon_distutils_commands:/home/tejasarjuna/Learning_phase/install/diamond_shape_turtle/lib/python3.10/site-packages:${PYTHONPATH} /usr/bin/python3 -W ignore:setup.py install is deprecated -W ignore:easy_install command is deprecated setup.py egg_info --egg-base ../../build/diamond_shape_turtle build --build-base /home/tejasarjuna/Learning_phase/build/diamond_shape_turtle/build install --record /home/tejasarjuna/Learning_phase/build/diamond_shape_turtle/install.log --single-version-externally-managed install_data
[0.909s] DEBUG:colcon.colcon_core.event_handler.log_command:Invoked command in '/home/tejasarjuna/Learning_phase/src/publisher_subscription' returned '0': PYTHONPATH=/home/tejasarjuna/Learning_phase/build/publisher_subscription/prefix_override:/usr/lib/python3/dist-packages/colcon_core/task/python/colcon_distutils_commands:/home/tejasarjuna/Learning_phase/install/publisher_subscription/lib/python3.10/site-packages:${PYTHONPATH} /usr/bin/python3 -W ignore:setup.py install is deprecated -W ignore:easy_install command is deprecated setup.py egg_info --egg-base ../../build/publisher_subscription build --build-base /home/tejasarjuna/Learning_phase/build/publisher_subscription/build install --record /home/tejasarjuna/Learning_phase/build/publisher_subscription/install.log --single-version-externally-managed install_data
[0.910s] Level 1:colcon.colcon_core.environment:checking '/home/tejasarjuna/Learning_phase/install/publisher_subscription' for CMake module files
[0.910s] Level 1:colcon.colcon_core.environment:checking '/home/tejasarjuna/Learning_phase/install/publisher_subscription' for CMake config files
[0.911s] Level 1:colcon.colcon_core.environment:checking '/home/tejasarjuna/Learning_phase/install/publisher_subscription/lib'
[0.911s] Level 1:colcon.colcon_core.environment:checking '/home/tejasarjuna/Learning_phase/install/publisher_subscription/bin'
[0.911s] Level 1:colcon.colcon_core.environment:checking '/home/tejasarjuna/Learning_phase/install/publisher_subscription/lib/pkgconfig/publisher_subscription.pc'
[0.911s] Level 1:colcon.colcon_core.environment:checking '/home/tejasarjuna/Learning_phase/install/publisher_subscription/lib/python3.10/site-packages'
[0.911s] Level 1:colcon.colcon_core.shell:create_environment_hook('publisher_subscription', 'pythonpath')
[0.911s] INFO:colcon.colcon_core.shell:Creating environment hook '/home/tejasarjuna/Learning_phase/install/publisher_subscription/share/publisher_subscription/hook/pythonpath.ps1'
[0.912s] INFO:colcon.colcon_core.shell:Creating environment descriptor '/home/tejasarjuna/Learning_phase/install/publisher_subscription/share/publisher_subscription/hook/pythonpath.dsv'
[0.912s] INFO:colcon.colcon_core.shell:Creating environment hook '/home/tejasarjuna/Learning_phase/install/publisher_subscription/share/publisher_subscription/hook/pythonpath.sh'
[0.912s] Level 1:colcon.colcon_core.environment:checking '/home/tejasarjuna/Learning_phase/install/publisher_subscription/bin'
[0.912s] Level 1:colcon.colcon_core.environment:create_environment_scripts_only(publisher_subscription)
[0.913s] INFO:colcon.colcon_core.shell:Creating package script '/home/tejasarjuna/Learning_phase/install/publisher_subscription/share/publisher_subscription/package.ps1'
[0.913s] INFO:colcon.colcon_core.shell:Creating package descriptor '/home/tejasarjuna/Learning_phase/install/publisher_subscription/share/publisher_subscription/package.dsv'
[0.913s] INFO:colcon.colcon_core.shell:Creating package script '/home/tejasarjuna/Learning_phase/install/publisher_subscription/share/publisher_subscription/package.sh'
[0.914s] INFO:colcon.colcon_core.shell:Creating package script '/home/tejasarjuna/Learning_phase/install/publisher_subscription/share/publisher_subscription/package.bash'
[0.914s] INFO:colcon.colcon_core.shell:Creating package script '/home/tejasarjuna/Learning_phase/install/publisher_subscription/share/publisher_subscription/package.zsh'
[0.915s] Level 1:colcon.colcon_core.environment:create_file_with_runtime_dependencies(/home/tejasarjuna/Learning_phase/install/publisher_subscription/share/colcon-core/packages/publisher_subscription)
[0.916s] Level 1:colcon.colcon_core.environment:checking '/home/tejasarjuna/Learning_phase/install/diamond_shape_turtle' for CMake module files
[0.916s] DEBUG:colcon.colcon_core.event_handler.log_command:Invoked command in '/home/tejasarjuna/Learning_phase/src/diamond_shape_turtle' returned '0': PYTHONPATH=/home/tejasarjuna/Learning_phase/build/diamond_shape_turtle/prefix_override:/usr/lib/python3/dist-packages/colcon_core/task/python/colcon_distutils_commands:/home/tejasarjuna/Learning_phase/install/diamond_shape_turtle/lib/python3.10/site-packages:${PYTHONPATH} /usr/bin/python3 -W ignore:setup.py install is deprecated -W ignore:easy_install command is deprecated setup.py egg_info --egg-base ../../build/diamond_shape_turtle build --build-base /home/tejasarjuna/Learning_phase/build/diamond_shape_turtle/build install --record /home/tejasarjuna/Learning_phase/build/diamond_shape_turtle/install.log --single-version-externally-managed install_data
[0.916s] Level 1:colcon.colcon_core.environment:checking '/home/tejasarjuna/Learning_phase/install/diamond_shape_turtle' for CMake config files
[0.916s] Level 1:colcon.colcon_core.environment:checking '/home/tejasarjuna/Learning_phase/install/diamond_shape_turtle/lib'
[0.916s] Level 1:colcon.colcon_core.environment:checking '/home/tejasarjuna/Learning_phase/install/diamond_shape_turtle/bin'
[0.916s] Level 1:colcon.colcon_core.environment:checking '/home/tejasarjuna/Learning_phase/install/diamond_shape_turtle/lib/pkgconfig/diamond_shape_turtle.pc'
[0.916s] Level 1:colcon.colcon_core.environment:checking '/home/tejasarjuna/Learning_phase/install/diamond_shape_turtle/lib/python3.10/site-packages'
[0.917s] Level 1:colcon.colcon_core.shell:create_environment_hook('diamond_shape_turtle', 'pythonpath')
[0.917s] INFO:colcon.colcon_core.shell:Creating environment hook '/home/tejasarjuna/Learning_phase/install/diamond_shape_turtle/share/diamond_shape_turtle/hook/pythonpath.ps1'
[0.917s] INFO:colcon.colcon_core.shell:Creating environment descriptor '/home/tejasarjuna/Learning_phase/install/diamond_shape_turtle/share/diamond_shape_turtle/hook/pythonpath.dsv'
[0.917s] INFO:colcon.colcon_core.shell:Creating environment hook '/home/tejasarjuna/Learning_phase/install/diamond_shape_turtle/share/diamond_shape_turtle/hook/pythonpath.sh'
[0.917s] Level 1:colcon.colcon_core.environment:checking '/home/tejasarjuna/Learning_phase/install/diamond_shape_turtle/bin'
[0.918s] Level 1:colcon.colcon_core.environment:create_environment_scripts_only(diamond_shape_turtle)
[0.918s] INFO:colcon.colcon_core.shell:Creating package script '/home/tejasarjuna/Learning_phase/install/diamond_shape_turtle/share/diamond_shape_turtle/package.ps1'
[0.918s] INFO:colcon.colcon_core.shell:Creating package descriptor '/home/tejasarjuna/Learning_phase/install/diamond_shape_turtle/share/diamond_shape_turtle/package.dsv'
[0.918s] INFO:colcon.colcon_core.shell:Creating package script '/home/tejasarjuna/Learning_phase/install/diamond_shape_turtle/share/diamond_shape_turtle/package.sh'
[0.918s] INFO:colcon.colcon_core.shell:Creating package script '/home/tejasarjuna/Learning_phase/install/diamond_shape_turtle/share/diamond_shape_turtle/package.bash'
[0.919s] INFO:colcon.colcon_core.shell:Creating package script '/home/tejasarjuna/Learning_phase/install/diamond_shape_turtle/share/diamond_shape_turtle/package.zsh'
[0.919s] Level 1:colcon.colcon_core.environment:create_file_with_runtime_dependencies(/home/tejasarjuna/Learning_phase/install/diamond_shape_turtle/share/colcon-core/packages/diamond_shape_turtle)
[0.919s] DEBUG:colcon.colcon_parallel_executor.executor.parallel:closing loop
[0.919s] DEBUG:colcon.colcon_parallel_executor.executor.parallel:loop closed
[0.919s] DEBUG:colcon.colcon_parallel_executor.executor.parallel:run_until_complete finished with '0'
[0.919s] DEBUG:colcon.colcon_core.event_reactor:joining thread
[0.923s] INFO:colcon.colcon_core.plugin_system:Skipping extension 'colcon_notification.desktop_notification.terminal_notifier': Not used on non-Darwin systems
[0.923s] INFO:colcon.colcon_core.plugin_system:Skipping extension 'colcon_notification.desktop_notification.win32': Not used on non-Windows systems
[0.923s] INFO:colcon.colcon_notification.desktop_notification:Sending desktop notification using 'notify2'
[0.931s] DEBUG:colcon.colcon_core.event_reactor:joined thread
[0.931s] INFO:colcon.colcon_core.shell:Creating prefix script '/home/tejasarjuna/Learning_phase/install/local_setup.ps1'
[0.932s] INFO:colcon.colcon_core.shell:Creating prefix util module '/home/tejasarjuna/Learning_phase/install/_local_setup_util_ps1.py'
[0.933s] INFO:colcon.colcon_core.shell:Creating prefix chain script '/home/tejasarjuna/Learning_phase/install/setup.ps1'
[0.933s] INFO:colcon.colcon_core.shell:Creating prefix script '/home/tejasarjuna/Learning_phase/install/local_setup.sh'
[0.934s] INFO:colcon.colcon_core.shell:Creating prefix util module '/home/tejasarjuna/Learning_phase/install/_local_setup_util_sh.py'
[0.934s] INFO:colcon.colcon_core.shell:Creating prefix chain script '/home/tejasarjuna/Learning_phase/install/setup.sh'
[0.935s] INFO:colcon.colcon_core.shell:Creating prefix script '/home/tejasarjuna/Learning_phase/install/local_setup.bash'
[0.935s] INFO:colcon.colcon_core.shell:Creating prefix chain script '/home/tejasarjuna/Learning_phase/install/setup.bash'
[0.936s] INFO:colcon.colcon_core.shell:Creating prefix script '/home/tejasarjuna/Learning_phase/install/local_setup.zsh'
[0.936s] INFO:colcon.colcon_core.shell:Creating prefix chain script '/home/tejasarjuna/Learning_phase/install/setup.zsh'
