[0.680s] Invoking command in '/home/tejasarjuna/Learning_phase/src/diamond_shape_turtle': PYTHONPATH=/home/tejasarjuna/Learning_phase/build/diamond_shape_turtle/prefix_override:/usr/lib/python3/dist-packages/colcon_core/task/python/colcon_distutils_commands:/home/tejasarjuna/Learning_phase/install/diamond_shape_turtle/lib/python3.10/site-packages:${PYTHONPATH} /usr/bin/python3 -W ignore:setup.py install is deprecated -W ignore:easy_install command is deprecated setup.py egg_info --egg-base ../../build/diamond_shape_turtle build --build-base /home/tejasarjuna/Learning_phase/build/diamond_shape_turtle/build install --record /home/tejasarjuna/Learning_phase/build/diamond_shape_turtle/install.log --single-version-externally-managed install_data
[0.816s] running egg_info
[0.817s] writing ../../build/diamond_shape_turtle/diamond_shape_turtle.egg-info/PKG-INFO
[0.817s] writing dependency_links to ../../build/diamond_shape_turtle/diamond_shape_turtle.egg-info/dependency_links.txt
[0.817s] writing entry points to ../../build/diamond_shape_turtle/diamond_shape_turtle.egg-info/entry_points.txt
[0.817s] writing requirements to ../../build/diamond_shape_turtle/diamond_shape_turtle.egg-info/requires.txt
[0.817s] writing top-level names to ../../build/diamond_shape_turtle/diamond_shape_turtle.egg-info/top_level.txt
[0.818s] reading manifest file '../../build/diamond_shape_turtle/diamond_shape_turtle.egg-info/SOURCES.txt'
[0.818s] writing manifest file '../../build/diamond_shape_turtle/diamond_shape_turtle.egg-info/SOURCES.txt'
[0.818s] running build
[0.818s] running build_py
[0.818s] running install
[0.818s] running install_lib
[0.819s] running install_data
[0.819s] running install_egg_info
[0.820s] removing '/home/tejasarjuna/Learning_phase/install/diamond_shape_turtle/lib/python3.10/site-packages/diamond_shape_turtle-0.0.0-py3.10.egg-info' (and everything under it)
[0.820s] Copying ../../build/diamond_shape_turtle/diamond_shape_turtle.egg-info to /home/tejasarjuna/Learning_phase/install/diamond_shape_turtle/lib/python3.10/site-packages/diamond_shape_turtle-0.0.0-py3.10.egg-info
[0.821s] running install_scripts
[0.834s] Installing diamond_shape script to /home/tejasarjuna/Learning_phase/install/diamond_shape_turtle/lib/diamond_shape_turtle
[0.834s] writing list of installed files to '/home/tejasarjuna/Learning_phase/build/diamond_shape_turtle/install.log'
[0.856s] Invoked command in '/home/tejasarjuna/Learning_phase/src/diamond_shape_turtle' returned '0': PYTHONPATH=/home/tejasarjuna/Learning_phase/build/diamond_shape_turtle/prefix_override:/usr/lib/python3/dist-packages/colcon_core/task/python/colcon_distutils_commands:/home/tejasarjuna/Learning_phase/install/diamond_shape_turtle/lib/python3.10/site-packages:${PYTHONPATH} /usr/bin/python3 -W ignore:setup.py install is deprecated -W ignore:easy_install command is deprecated setup.py egg_info --egg-base ../../build/diamond_shape_turtle build --build-base /home/tejasarjuna/Learning_phase/build/diamond_shape_turtle/build install --record /home/tejasarjuna/Learning_phase/build/diamond_shape_turtle/install.log --single-version-externally-managed install_data
