[0.706s] Invoking command in '/home/tejasarjuna/Learning_phase/src/turtle_spiral': PYTHONPATH=/home/tejasarjuna/Learning_phase/build/turtle_spiral/prefix_override:/usr/lib/python3/dist-packages/colcon_core/task/python/colcon_distutils_commands:/home/tejasarjuna/Learning_phase/install/turtle_spiral/lib/python3.10/site-packages:${PYTHONPATH} /usr/bin/python3 -W ignore:setup.py install is deprecated -W ignore:easy_install command is deprecated setup.py egg_info --egg-base ../../build/turtle_spiral build --build-base /home/tejasarjuna/Learning_phase/build/turtle_spiral/build install --record /home/tejasarjuna/Learning_phase/build/turtle_spiral/install.log --single-version-externally-managed install_data
[0.839s] running egg_info
[0.840s] writing ../../build/turtle_spiral/turtle_spiral.egg-info/PKG-INFO
[0.842s] writing dependency_links to ../../build/turtle_spiral/turtle_spiral.egg-info/dependency_links.txt
[0.842s] writing entry points to ../../build/turtle_spiral/turtle_spiral.egg-info/entry_points.txt
[0.842s] writing requirements to ../../build/turtle_spiral/turtle_spiral.egg-info/requires.txt
[0.842s] writing top-level names to ../../build/turtle_spiral/turtle_spiral.egg-info/top_level.txt
[0.842s] reading manifest file '../../build/turtle_spiral/turtle_spiral.egg-info/SOURCES.txt'
[0.843s] writing manifest file '../../build/turtle_spiral/turtle_spiral.egg-info/SOURCES.txt'
[0.843s] running build
[0.843s] running build_py
[0.843s] copying turtle_spiral/turtle_spiral.py -> /home/tejasarjuna/Learning_phase/build/turtle_spiral/build/lib/turtle_spiral
[0.843s] running install
[0.844s] running install_lib
[0.844s] copying /home/tejasarjuna/Learning_phase/build/turtle_spiral/build/lib/turtle_spiral/turtle_spiral.py -> /home/tejasarjuna/Learning_phase/install/turtle_spiral/lib/python3.10/site-packages/turtle_spiral
[0.845s] byte-compiling /home/tejasarjuna/Learning_phase/install/turtle_spiral/lib/python3.10/site-packages/turtle_spiral/turtle_spiral.py to turtle_spiral.cpython-310.pyc
[0.845s]   File "/home/tejasarjuna/Learning_phase/install/turtle_spiral/lib/python3.10/site-packages/turtle_spiral/turtle_spiral.py", line 1
[0.845s]     ximport rclpy
[0.845s]             ^^^^^
[0.845s] SyntaxError: invalid syntax
[0.845s] 
[0.845s] running install_data
[0.845s] running install_egg_info
[0.847s] removing '/home/tejasarjuna/Learning_phase/install/turtle_spiral/lib/python3.10/site-packages/turtle_spiral-0.0.0-py3.10.egg-info' (and everything under it)
[0.847s] Copying ../../build/turtle_spiral/turtle_spiral.egg-info to /home/tejasarjuna/Learning_phase/install/turtle_spiral/lib/python3.10/site-packages/turtle_spiral-0.0.0-py3.10.egg-info
[0.848s] running install_scripts
[0.860s] Installing turtle_spiral script to /home/tejasarjuna/Learning_phase/install/turtle_spiral/lib/turtle_spiral
[0.861s] writing list of installed files to '/home/tejasarjuna/Learning_phase/build/turtle_spiral/install.log'
[0.879s] Invoked command in '/home/tejasarjuna/Learning_phase/src/turtle_spiral' returned '0': PYTHONPATH=/home/tejasarjuna/Learning_phase/build/turtle_spiral/prefix_override:/usr/lib/python3/dist-packages/colcon_core/task/python/colcon_distutils_commands:/home/tejasarjuna/Learning_phase/install/turtle_spiral/lib/python3.10/site-packages:${PYTHONPATH} /usr/bin/python3 -W ignore:setup.py install is deprecated -W ignore:easy_install command is deprecated setup.py egg_info --egg-base ../../build/turtle_spiral build --build-base /home/tejasarjuna/Learning_phase/build/turtle_spiral/build install --record /home/tejasarjuna/Learning_phase/build/turtle_spiral/install.log --single-version-externally-managed install_data
