running egg_info
writing ../../build/diamond_shape_turtle/diamond_shape_turtle.egg-info/PKG-INFO
writing dependency_links to ../../build/diamond_shape_turtle/diamond_shape_turtle.egg-info/dependency_links.txt
writing entry points to ../../build/diamond_shape_turtle/diamond_shape_turtle.egg-info/entry_points.txt
writing requirements to ../../build/diamond_shape_turtle/diamond_shape_turtle.egg-info/requires.txt
writing top-level names to ../../build/diamond_shape_turtle/diamond_shape_turtle.egg-info/top_level.txt
reading manifest file '../../build/diamond_shape_turtle/diamond_shape_turtle.egg-info/SOURCES.txt'
writing manifest file '../../build/diamond_shape_turtle/diamond_shape_turtle.egg-info/SOURCES.txt'
running build
running build_py
copying diamond_shape_turtle/diamond_movement.py -> /home/tejasarjuna/Learning_phase/build/diamond_shape_turtle/build/lib/diamond_shape_turtle
running install
running install_lib
copying /home/tejasarjuna/Learning_phase/build/diamond_shape_turtle/build/lib/diamond_shape_turtle/diamond_movement.py -> /home/tejasarjuna/Learning_phase/install/diamond_shape_turtle/lib/python3.10/site-packages/diamond_shape_turtle
byte-compiling /home/tejasarjuna/Learning_phase/install/diamond_shape_turtle/lib/python3.10/site-packages/diamond_shape_turtle/diamond_movement.py to diamond_movement.cpython-310.pyc
running install_data
running install_egg_info
removing '/home/tejasarjuna/Learning_phase/install/diamond_shape_turtle/lib/python3.10/site-packages/diamond_shape_turtle-0.0.0-py3.10.egg-info' (and everything under it)
Copying ../../build/diamond_shape_turtle/diamond_shape_turtle.egg-info to /home/tejasarjuna/Learning_phase/install/diamond_shape_turtle/lib/python3.10/site-packages/diamond_shape_turtle-0.0.0-py3.10.egg-info
running install_scripts
Installing diamond_shape script to /home/tejasarjuna/Learning_phase/install/diamond_shape_turtle/lib/diamond_shape_turtle
writing list of installed files to '/home/tejasarjuna/Learning_phase/build/diamond_shape_turtle/install.log'
