[0.088s] DEBUG:colcon:Command line arguments: ['/usr/bin/colcon', 'build']
[0.088s] DEBUG:colcon:Parsed command line arguments: Namespace(log_base=None, log_level=None, verb_name='build', build_base='build', install_base='install', merge_install=False, symlink_install=False, test_result_base=None, continue_on_error=False, executor='parallel', parallel_workers=16, event_handlers=None, ignore_user_meta=False, metas=['./colcon.meta'], base_paths=['.'], packages_ignore=None, packages_ignore_regex=None, paths=None, packages_up_to=None, packages_up_to_regex=None, packages_above=None, packages_above_and_dependencies=None, packages_above_depth=None, packages_select_by_dep=None, packages_skip_by_dep=None, packages_skip_up_to=None, packages_select_build_failed=False, packages_skip_build_finished=False, packages_select_test_failures=False, packages_skip_test_passed=False, packages_select=None, packages_skip=None, packages_select_regex=None, packages_skip_regex=None, packages_start=None, packages_end=None, allow_overriding=[], cmake_args=None, cmake_target=None, cmake_target_skip_unavailable=False, cmake_clean_cache=False, cmake_clean_first=False, cmake_force_configure=False, ament_cmake_args=None, catkin_cmake_args=None, catkin_skip_building_tests=False, mixin_files=None, mixin=None, verb_parser=<colcon_mixin.mixin.mixin_argument.MixinArgumentDecorator object at 0x77c71c3660b0>, verb_extension=<colcon_core.verb.build.BuildVerb object at 0x77c71c46f0a0>, main=<bound method BuildVerb.main of <colcon_core.verb.build.BuildVerb object at 0x77c71c46f0a0>>, mixin_verb=('build',))
[0.183s] Level 1:colcon.colcon_core.package_discovery:discover_packages(colcon_meta) check parameters
[0.183s] Level 1:colcon.colcon_core.package_discovery:discover_packages(recursive) check parameters
[0.183s] Level 1:colcon.colcon_core.package_discovery:discover_packages(ignore) check parameters
[0.183s] Level 1:colcon.colcon_core.package_discovery:discover_packages(path) check parameters
[0.183s] Level 1:colcon.colcon_core.package_discovery:discover_packages(colcon_meta) discover
[0.183s] Level 1:colcon.colcon_core.package_discovery:discover_packages(recursive) discover
[0.183s] INFO:colcon.colcon_core.package_discovery:Crawling recursively for packages in '/home/tejasarjuna/Learning_phase'
[0.183s] Level 1:colcon.colcon_core.package_identification:_identify(.) by extensions ['ignore', 'ignore_ament_install']
[0.183s] Level 1:colcon.colcon_core.package_identification:_identify(.) by extension 'ignore'
[0.183s] Level 1:colcon.colcon_core.package_identification:_identify(.) by extension 'ignore_ament_install'
[0.183s] Level 1:colcon.colcon_core.package_identification:_identify(.) by extensions ['colcon_pkg']
[0.183s] Level 1:colcon.colcon_core.package_identification:_identify(.) by extension 'colcon_pkg'
[0.183s] Level 1:colcon.colcon_core.package_identification:_identify(.) by extensions ['colcon_meta']
[0.183s] Level 1:colcon.colcon_core.package_identification:_identify(.) by extension 'colcon_meta'
[0.183s] Level 1:colcon.colcon_core.package_identification:_identify(.) by extensions ['ros']
[0.183s] Level 1:colcon.colcon_core.package_identification:_identify(.) by extension 'ros'
[0.190s] Level 1:colcon.colcon_core.package_identification:_identify(.) by extensions ['cmake', 'python']
[0.190s] Level 1:colcon.colcon_core.package_identification:_identify(.) by extension 'cmake'
[0.190s] Level 1:colcon.colcon_core.package_identification:_identify(.) by extension 'python'
[0.190s] Level 1:colcon.colcon_core.package_identification:_identify(.) by extensions ['python_setup_py']
[0.190s] Level 1:colcon.colcon_core.package_identification:_identify(.) by extension 'python_setup_py'
[0.190s] Level 1:colcon.colcon_core.package_identification:_identify(build) by extensions ['ignore', 'ignore_ament_install']
[0.190s] Level 1:colcon.colcon_core.package_identification:_identify(build) by extension 'ignore'
[0.190s] Level 1:colcon.colcon_core.package_identification:_identify(build) ignored
[0.190s] Level 1:colcon.colcon_core.package_identification:_identify(install) by extensions ['ignore', 'ignore_ament_install']
[0.191s] Level 1:colcon.colcon_core.package_identification:_identify(install) by extension 'ignore'
[0.191s] Level 1:colcon.colcon_core.package_identification:_identify(install) ignored
[0.191s] Level 1:colcon.colcon_core.package_identification:_identify(log) by extensions ['ignore', 'ignore_ament_install']
[0.191s] Level 1:colcon.colcon_core.package_identification:_identify(log) by extension 'ignore'
[0.191s] Level 1:colcon.colcon_core.package_identification:_identify(log) ignored
[0.191s] Level 1:colcon.colcon_core.package_identification:_identify(src) by extensions ['ignore', 'ignore_ament_install']
[0.191s] Level 1:colcon.colcon_core.package_identification:_identify(src) by extension 'ignore'
[0.191s] Level 1:colcon.colcon_core.package_identification:_identify(src) by extension 'ignore_ament_install'
[0.191s] Level 1:colcon.colcon_core.package_identification:_identify(src) by extensions ['colcon_pkg']
[0.191s] Level 1:colcon.colcon_core.package_identification:_identify(src) by extension 'colcon_pkg'
[0.191s] Level 1:colcon.colcon_core.package_identification:_identify(src) by extensions ['colcon_meta']
[0.191s] Level 1:colcon.colcon_core.package_identification:_identify(src) by extension 'colcon_meta'
[0.191s] Level 1:colcon.colcon_core.package_identification:_identify(src) by extensions ['ros']
[0.191s] Level 1:colcon.colcon_core.package_identification:_identify(src) by extension 'ros'
[0.191s] Level 1:colcon.colcon_core.package_identification:_identify(src) by extensions ['cmake', 'python']
[0.191s] Level 1:colcon.colcon_core.package_identification:_identify(src) by extension 'cmake'
[0.191s] Level 1:colcon.colcon_core.package_identification:_identify(src) by extension 'python'
[0.191s] Level 1:colcon.colcon_core.package_identification:_identify(src) by extensions ['python_setup_py']
[0.191s] Level 1:colcon.colcon_core.package_identification:_identify(src) by extension 'python_setup_py'
[0.191s] Level 1:colcon.colcon_core.package_identification:_identify(src/diamond_shape_turtle) by extensions ['ignore', 'ignore_ament_install']
[0.191s] Level 1:colcon.colcon_core.package_identification:_identify(src/diamond_shape_turtle) by extension 'ignore'
[0.191s] Level 1:colcon.colcon_core.package_identification:_identify(src/diamond_shape_turtle) by extension 'ignore_ament_install'
[0.191s] Level 1:colcon.colcon_core.package_identification:_identify(src/diamond_shape_turtle) by extensions ['colcon_pkg']
[0.191s] Level 1:colcon.colcon_core.package_identification:_identify(src/diamond_shape_turtle) by extension 'colcon_pkg'
[0.191s] Level 1:colcon.colcon_core.package_identification:_identify(src/diamond_shape_turtle) by extensions ['colcon_meta']
[0.191s] Level 1:colcon.colcon_core.package_identification:_identify(src/diamond_shape_turtle) by extension 'colcon_meta'
[0.191s] Level 1:colcon.colcon_core.package_identification:_identify(src/diamond_shape_turtle) by extensions ['ros']
[0.191s] Level 1:colcon.colcon_core.package_identification:_identify(src/diamond_shape_turtle) by extension 'ros'
[0.193s] DEBUG:colcon.colcon_core.package_identification:Package 'src/diamond_shape_turtle' with type 'ros.ament_python' and name 'diamond_shape_turtle'
[0.193s] Level 1:colcon.colcon_core.package_identification:_identify(src/publisher_subscription) by extensions ['ignore', 'ignore_ament_install']
[0.193s] Level 1:colcon.colcon_core.package_identification:_identify(src/publisher_subscription) by extension 'ignore'
[0.193s] Level 1:colcon.colcon_core.package_identification:_identify(src/publisher_subscription) by extension 'ignore_ament_install'
[0.193s] Level 1:colcon.colcon_core.package_identification:_identify(src/publisher_subscription) by extensions ['colcon_pkg']
[0.193s] Level 1:colcon.colcon_core.package_identification:_identify(src/publisher_subscription) by extension 'colcon_pkg'
[0.193s] Level 1:colcon.colcon_core.package_identification:_identify(src/publisher_subscription) by extensions ['colcon_meta']
[0.193s] Level 1:colcon.colcon_core.package_identification:_identify(src/publisher_subscription) by extension 'colcon_meta'
[0.193s] Level 1:colcon.colcon_core.package_identification:_identify(src/publisher_subscription) by extensions ['ros']
[0.193s] Level 1:colcon.colcon_core.package_identification:_identify(src/publisher_subscription) by extension 'ros'
[0.193s] DEBUG:colcon.colcon_core.package_identification:Package 'src/publisher_subscription' with type 'ros.ament_python' and name 'publisher_subscription'
[0.193s] Level 1:colcon.colcon_core.package_identification:_identify(src/turtle_spiral) by extensions ['ignore', 'ignore_ament_install']
[0.193s] Level 1:colcon.colcon_core.package_identification:_identify(src/turtle_spiral) by extension 'ignore'
[0.193s] Level 1:colcon.colcon_core.package_identification:_identify(src/turtle_spiral) by extension 'ignore_ament_install'
[0.193s] Level 1:colcon.colcon_core.package_identification:_identify(src/turtle_spiral) by extensions ['colcon_pkg']
[0.193s] Level 1:colcon.colcon_core.package_identification:_identify(src/turtle_spiral) by extension 'colcon_pkg'
[0.193s] Level 1:colcon.colcon_core.package_identification:_identify(src/turtle_spiral) by extensions ['colcon_meta']
[0.194s] Level 1:colcon.colcon_core.package_identification:_identify(src/turtle_spiral) by extension 'colcon_meta'
[0.194s] Level 1:colcon.colcon_core.package_identification:_identify(src/turtle_spiral) by extensions ['ros']
[0.194s] Level 1:colcon.colcon_core.package_identification:_identify(src/turtle_spiral) by extension 'ros'
[0.194s] DEBUG:colcon.colcon_core.package_identification:Package 'src/turtle_spiral' with type 'ros.ament_python' and name 'turtle_spiral'
[0.194s] Level 1:colcon.colcon_core.package_discovery:discover_packages(recursive) using defaults
[0.194s] Level 1:colcon.colcon_core.package_discovery:discover_packages(ignore) discover
[0.194s] Level 1:colcon.colcon_core.package_discovery:discover_packages(ignore) using defaults
[0.194s] Level 1:colcon.colcon_core.package_discovery:discover_packages(path) discover
[0.194s] Level 1:colcon.colcon_core.package_discovery:discover_packages(path) using defaults
[0.212s] Level 1:colcon.colcon_core.package_discovery:discover_packages(prefix_path) check parameters
[0.212s] Level 1:colcon.colcon_core.package_discovery:discover_packages(prefix_path) discover
[0.213s] DEBUG:colcon.colcon_installed_package_information.package_discovery:Found 3 installed packages in /home/tejasarjuna/Learning_phase/install
[0.214s] DEBUG:colcon.colcon_installed_package_information.package_discovery:Found 279 installed packages in /opt/ros/humble
[0.214s] Level 1:colcon.colcon_core.package_discovery:discover_packages(prefix_path) using defaults
[0.235s] Level 5:colcon.colcon_core.verb:set package 'diamond_shape_turtle' build argument 'cmake_args' from command line to 'None'
[0.235s] Level 5:colcon.colcon_core.verb:set package 'diamond_shape_turtle' build argument 'cmake_target' from command line to 'None'
[0.235s] Level 5:colcon.colcon_core.verb:set package 'diamond_shape_turtle' build argument 'cmake_target_skip_unavailable' from command line to 'False'
[0.235s] Level 5:colcon.colcon_core.verb:set package 'diamond_shape_turtle' build argument 'cmake_clean_cache' from command line to 'False'
[0.235s] Level 5:colcon.colcon_core.verb:set package 'diamond_shape_turtle' build argument 'cmake_clean_first' from command line to 'False'
[0.236s] Level 5:colcon.colcon_core.verb:set package 'diamond_shape_turtle' build argument 'cmake_force_configure' from command line to 'False'
[0.236s] Level 5:colcon.colcon_core.verb:set package 'diamond_shape_turtle' build argument 'ament_cmake_args' from command line to 'None'
[0.236s] Level 5:colcon.colcon_core.verb:set package 'diamond_shape_turtle' build argument 'catkin_cmake_args' from command line to 'None'
[0.236s] Level 5:colcon.colcon_core.verb:set package 'diamond_shape_turtle' build argument 'catkin_skip_building_tests' from command line to 'False'
[0.236s] DEBUG:colcon.colcon_core.verb:Building package 'diamond_shape_turtle' with the following arguments: {'ament_cmake_args': None, 'build_base': '/home/tejasarjuna/Learning_phase/build/diamond_shape_turtle', 'catkin_cmake_args': None, 'catkin_skip_building_tests': False, 'cmake_args': None, 'cmake_clean_cache': False, 'cmake_clean_first': False, 'cmake_force_configure': False, 'cmake_target': None, 'cmake_target_skip_unavailable': False, 'install_base': '/home/tejasarjuna/Learning_phase/install/diamond_shape_turtle', 'merge_install': False, 'path': '/home/tejasarjuna/Learning_phase/src/diamond_shape_turtle', 'symlink_install': False, 'test_result_base': None}
[0.236s] Level 5:colcon.colcon_core.verb:set package 'publisher_subscription' build argument 'cmake_args' from command line to 'None'
[0.236s] Level 5:colcon.colcon_core.verb:set package 'publisher_subscription' build argument 'cmake_target' from command line to 'None'
[0.236s] Level 5:colcon.colcon_core.verb:set package 'publisher_subscription' build argument 'cmake_target_skip_unavailable' from command line to 'False'
[0.236s] Level 5:colcon.colcon_core.verb:set package 'publisher_subscription' build argument 'cmake_clean_cache' from command line to 'False'
[0.236s] Level 5:colcon.colcon_core.verb:set package 'publisher_subscription' build argument 'cmake_clean_first' from command line to 'False'
[0.236s] Level 5:colcon.colcon_core.verb:set package 'publisher_subscription' build argument 'cmake_force_configure' from command line to 'False'
[0.236s] Level 5:colcon.colcon_core.verb:set package 'publisher_subscription' build argument 'ament_cmake_args' from command line to 'None'
[0.236s] Level 5:colcon.colcon_core.verb:set package 'publisher_subscription' build argument 'catkin_cmake_args' from command line to 'None'
[0.236s] Level 5:colcon.colcon_core.verb:set package 'publisher_subscription' build argument 'catkin_skip_building_tests' from command line to 'False'
[0.236s] DEBUG:colcon.colcon_core.verb:Building package 'publisher_subscription' with the following arguments: {'ament_cmake_args': None, 'build_base': '/home/tejasarjuna/Learning_phase/build/publisher_subscription', 'catkin_cmake_args': None, 'catkin_skip_building_tests': False, 'cmake_args': None, 'cmake_clean_cache': False, 'cmake_clean_first': False, 'cmake_force_configure': False, 'cmake_target': None, 'cmake_target_skip_unavailable': False, 'install_base': '/home/tejasarjuna/Learning_phase/install/publisher_subscription', 'merge_install': False, 'path': '/home/tejasarjuna/Learning_phase/src/publisher_subscription', 'symlink_install': False, 'test_result_base': None}
[0.236s] Level 5:colcon.colcon_core.verb:set package 'turtle_spiral' build argument 'cmake_args' from command line to 'None'
[0.236s] Level 5:colcon.colcon_core.verb:set package 'turtle_spiral' build argument 'cmake_target' from command line to 'None'
[0.236s] Level 5:colcon.colcon_core.verb:set package 'turtle_spiral' build argument 'cmake_target_skip_unavailable' from command line to 'False'
[0.236s] Level 5:colcon.colcon_core.verb:set package 'turtle_spiral' build argument 'cmake_clean_cache' from command line to 'False'
[0.236s] Level 5:colcon.colcon_core.verb:set package 'turtle_spiral' build argument 'cmake_clean_first' from command line to 'False'
[0.236s] Level 5:colcon.colcon_core.verb:set package 'turtle_spiral' build argument 'cmake_force_configure' from command line to 'False'
[0.236s] Level 5:colcon.colcon_core.verb:set package 'turtle_spiral' build argument 'ament_cmake_args' from command line to 'None'
[0.236s] Level 5:colcon.colcon_core.verb:set package 'turtle_spiral' build argument 'catkin_cmake_args' from command line to 'None'
[0.236s] Level 5:colcon.colcon_core.verb:set package 'turtle_spiral' build argument 'catkin_skip_building_tests' from command line to 'False'
[0.236s] DEBUG:colcon.colcon_core.verb:Building package 'turtle_spiral' with the following arguments: {'ament_cmake_args': None, 'build_base': '/home/tejasarjuna/Learning_phase/build/turtle_spiral', 'catkin_cmake_args': None, 'catkin_skip_building_tests': False, 'cmake_args': None, 'cmake_clean_cache': False, 'cmake_clean_first': False, 'cmake_force_configure': False, 'cmake_target': None, 'cmake_target_skip_unavailable': False, 'install_base': '/home/tejasarjuna/Learning_phase/install/turtle_spiral', 'merge_install': False, 'path': '/home/tejasarjuna/Learning_phase/src/turtle_spiral', 'symlink_install': False, 'test_result_base': None}
[0.236s] INFO:colcon.colcon_core.executor:Executing jobs using 'parallel' executor
[0.237s] DEBUG:colcon.colcon_parallel_executor.executor.parallel:run_until_complete
[0.237s] INFO:colcon.colcon_ros.task.ament_python.build:Building ROS package in '/home/tejasarjuna/Learning_phase/src/diamond_shape_turtle' with build type 'ament_python'
[0.237s] Level 1:colcon.colcon_core.shell:create_environment_hook('diamond_shape_turtle', 'ament_prefix_path')
[0.239s] INFO:colcon.colcon_core.plugin_system:Skipping extension 'colcon_core.shell.bat': Not used on non-Windows systems
[0.239s] INFO:colcon.colcon_core.shell:Creating environment hook '/home/tejasarjuna/Learning_phase/install/diamond_shape_turtle/share/diamond_shape_turtle/hook/ament_prefix_path.ps1'
[0.239s] INFO:colcon.colcon_core.shell:Creating environment descriptor '/home/tejasarjuna/Learning_phase/install/diamond_shape_turtle/share/diamond_shape_turtle/hook/ament_prefix_path.dsv'
[0.239s] INFO:colcon.colcon_core.shell:Creating environment hook '/home/tejasarjuna/Learning_phase/install/diamond_shape_turtle/share/diamond_shape_turtle/hook/ament_prefix_path.sh'
[0.240s] INFO:colcon.colcon_core.shell:Skip shell extension 'powershell' for command environment: Not usable outside of PowerShell
[0.240s] DEBUG:colcon.colcon_core.shell:Skip shell extension 'dsv' for command environment
[0.242s] INFO:colcon.colcon_ros.task.ament_python.build:Building ROS package in '/home/tejasarjuna/Learning_phase/src/publisher_subscription' with build type 'ament_python'
[0.242s] Level 1:colcon.colcon_core.shell:create_environment_hook('publisher_subscription', 'ament_prefix_path')
[0.242s] INFO:colcon.colcon_core.shell:Creating environment hook '/home/tejasarjuna/Learning_phase/install/publisher_subscription/share/publisher_subscription/hook/ament_prefix_path.ps1'
[0.242s] INFO:colcon.colcon_core.shell:Creating environment descriptor '/home/tejasarjuna/Learning_phase/install/publisher_subscription/share/publisher_subscription/hook/ament_prefix_path.dsv'
[0.242s] INFO:colcon.colcon_core.shell:Creating environment hook '/home/tejasarjuna/Learning_phase/install/publisher_subscription/share/publisher_subscription/hook/ament_prefix_path.sh'
[0.243s] INFO:colcon.colcon_core.shell:Skip shell extension 'powershell' for command environment: Not usable outside of PowerShell
[0.243s] DEBUG:colcon.colcon_core.shell:Skip shell extension 'dsv' for command environment
[0.244s] INFO:colcon.colcon_ros.task.ament_python.build:Building ROS package in '/home/tejasarjuna/Learning_phase/src/turtle_spiral' with build type 'ament_python'
[0.244s] Level 1:colcon.colcon_core.shell:create_environment_hook('turtle_spiral', 'ament_prefix_path')
[0.245s] INFO:colcon.colcon_core.shell:Creating environment hook '/home/tejasarjuna/Learning_phase/install/turtle_spiral/share/turtle_spiral/hook/ament_prefix_path.ps1'
[0.245s] INFO:colcon.colcon_core.shell:Creating environment descriptor '/home/tejasarjuna/Learning_phase/install/turtle_spiral/share/turtle_spiral/hook/ament_prefix_path.dsv'
[0.245s] INFO:colcon.colcon_core.shell:Creating environment hook '/home/tejasarjuna/Learning_phase/install/turtle_spiral/share/turtle_spiral/hook/ament_prefix_path.sh'
[0.245s] INFO:colcon.colcon_core.shell:Skip shell extension 'powershell' for command environment: Not usable outside of PowerShell
[0.245s] DEBUG:colcon.colcon_core.shell:Skip shell extension 'dsv' for command environment
[0.397s] INFO:colcon.colcon_core.task.python.build:Building Python package in '/home/tejasarjuna/Learning_phase/src/diamond_shape_turtle'
[0.397s] INFO:colcon.colcon_core.shell:Skip shell extension 'powershell' for command environment: Not usable outside of PowerShell
[0.397s] DEBUG:colcon.colcon_core.shell:Skip shell extension 'dsv' for command environment
[0.545s] INFO:colcon.colcon_core.task.python.build:Building Python package in '/home/tejasarjuna/Learning_phase/src/publisher_subscription'
[0.545s] INFO:colcon.colcon_core.shell:Skip shell extension 'powershell' for command environment: Not usable outside of PowerShell
[0.546s] DEBUG:colcon.colcon_core.shell:Skip shell extension 'dsv' for command environment
[0.705s] INFO:colcon.colcon_core.task.python.build:Building Python package in '/home/tejasarjuna/Learning_phase/src/turtle_spiral'
[0.705s] INFO:colcon.colcon_core.shell:Skip shell extension 'powershell' for command environment: Not usable outside of PowerShell
[0.705s] DEBUG:colcon.colcon_core.shell:Skip shell extension 'dsv' for command environment
[0.907s] DEBUG:colcon.colcon_core.event_handler.log_command:Invoking command in '/home/tejasarjuna/Learning_phase/src/diamond_shape_turtle': PYTHONPATH=/home/tejasarjuna/Learning_phase/build/diamond_shape_turtle/prefix_override:/usr/lib/python3/dist-packages/colcon_core/task/python/colcon_distutils_commands:/home/tejasarjuna/Learning_phase/install/diamond_shape_turtle/lib/python3.10/site-packages:${PYTHONPATH} /usr/bin/python3 -W ignore:setup.py install is deprecated -W ignore:easy_install command is deprecated setup.py egg_info --egg-base ../../build/diamond_shape_turtle build --build-base /home/tejasarjuna/Learning_phase/build/diamond_shape_turtle/build install --record /home/tejasarjuna/Learning_phase/build/diamond_shape_turtle/install.log --single-version-externally-managed install_data
[0.908s] DEBUG:colcon.colcon_core.event_handler.log_command:Invoking command in '/home/tejasarjuna/Learning_phase/src/publisher_subscription': PYTHONPATH=/home/tejasarjuna/Learning_phase/build/publisher_subscription/prefix_override:/usr/lib/python3/dist-packages/colcon_core/task/python/colcon_distutils_commands:/home/tejasarjuna/Learning_phase/install/publisher_subscription/lib/python3.10/site-packages:${PYTHONPATH} /usr/bin/python3 -W ignore:setup.py install is deprecated -W ignore:easy_install command is deprecated setup.py egg_info --egg-base ../../build/publisher_subscription build --build-base /home/tejasarjuna/Learning_phase/build/publisher_subscription/build install --record /home/tejasarjuna/Learning_phase/build/publisher_subscription/install.log --single-version-externally-managed install_data
[0.910s] DEBUG:colcon.colcon_core.event_handler.log_command:Invoking command in '/home/tejasarjuna/Learning_phase/src/turtle_spiral': PYTHONPATH=/home/tejasarjuna/Learning_phase/build/turtle_spiral/prefix_override:/usr/lib/python3/dist-packages/colcon_core/task/python/colcon_distutils_commands:/home/tejasarjuna/Learning_phase/install/turtle_spiral/lib/python3.10/site-packages:${PYTHONPATH} /usr/bin/python3 -W ignore:setup.py install is deprecated -W ignore:easy_install command is deprecated setup.py egg_info --egg-base ../../build/turtle_spiral build --build-base /home/tejasarjuna/Learning_phase/build/turtle_spiral/build install --record /home/tejasarjuna/Learning_phase/build/turtle_spiral/install.log --single-version-externally-managed install_data
[1.080s] DEBUG:colcon.colcon_core.event_handler.log_command:Invoked command in '/home/tejasarjuna/Learning_phase/src/diamond_shape_turtle' returned '0': PYTHONPATH=/home/tejasarjuna/Learning_phase/build/diamond_shape_turtle/prefix_override:/usr/lib/python3/dist-packages/colcon_core/task/python/colcon_distutils_commands:/home/tejasarjuna/Learning_phase/install/diamond_shape_turtle/lib/python3.10/site-packages:${PYTHONPATH} /usr/bin/python3 -W ignore:setup.py install is deprecated -W ignore:easy_install command is deprecated setup.py egg_info --egg-base ../../build/diamond_shape_turtle build --build-base /home/tejasarjuna/Learning_phase/build/diamond_shape_turtle/build install --record /home/tejasarjuna/Learning_phase/build/diamond_shape_turtle/install.log --single-version-externally-managed install_data
[1.082s] Level 1:colcon.colcon_core.environment:checking '/home/tejasarjuna/Learning_phase/install/diamond_shape_turtle' for CMake module files
[1.082s] Level 1:colcon.colcon_core.environment:checking '/home/tejasarjuna/Learning_phase/install/diamond_shape_turtle' for CMake config files
[1.083s] Level 1:colcon.colcon_core.environment:checking '/home/tejasarjuna/Learning_phase/install/diamond_shape_turtle/lib'
[1.083s] Level 1:colcon.colcon_core.environment:checking '/home/tejasarjuna/Learning_phase/install/diamond_shape_turtle/bin'
[1.083s] Level 1:colcon.colcon_core.environment:checking '/home/tejasarjuna/Learning_phase/install/diamond_shape_turtle/lib/pkgconfig/diamond_shape_turtle.pc'
[1.083s] Level 1:colcon.colcon_core.environment:checking '/home/tejasarjuna/Learning_phase/install/diamond_shape_turtle/lib/python3.10/site-packages'
[1.083s] Level 1:colcon.colcon_core.shell:create_environment_hook('diamond_shape_turtle', 'pythonpath')
[1.083s] INFO:colcon.colcon_core.shell:Creating environment hook '/home/tejasarjuna/Learning_phase/install/diamond_shape_turtle/share/diamond_shape_turtle/hook/pythonpath.ps1'
[1.084s] INFO:colcon.colcon_core.shell:Creating environment descriptor '/home/tejasarjuna/Learning_phase/install/diamond_shape_turtle/share/diamond_shape_turtle/hook/pythonpath.dsv'
[1.084s] INFO:colcon.colcon_core.shell:Creating environment hook '/home/tejasarjuna/Learning_phase/install/diamond_shape_turtle/share/diamond_shape_turtle/hook/pythonpath.sh'
[1.084s] Level 1:colcon.colcon_core.environment:checking '/home/tejasarjuna/Learning_phase/install/diamond_shape_turtle/bin'
[1.084s] Level 1:colcon.colcon_core.environment:create_environment_scripts_only(diamond_shape_turtle)
[1.084s] INFO:colcon.colcon_core.shell:Creating package script '/home/tejasarjuna/Learning_phase/install/diamond_shape_turtle/share/diamond_shape_turtle/package.ps1'
[1.085s] INFO:colcon.colcon_core.shell:Creating package descriptor '/home/tejasarjuna/Learning_phase/install/diamond_shape_turtle/share/diamond_shape_turtle/package.dsv'
[1.086s] INFO:colcon.colcon_core.shell:Creating package script '/home/tejasarjuna/Learning_phase/install/diamond_shape_turtle/share/diamond_shape_turtle/package.sh'
[1.086s] INFO:colcon.colcon_core.shell:Creating package script '/home/tejasarjuna/Learning_phase/install/diamond_shape_turtle/share/diamond_shape_turtle/package.bash'
[1.087s] INFO:colcon.colcon_core.shell:Creating package script '/home/tejasarjuna/Learning_phase/install/diamond_shape_turtle/share/diamond_shape_turtle/package.zsh'
[1.087s] Level 1:colcon.colcon_core.environment:create_file_with_runtime_dependencies(/home/tejasarjuna/Learning_phase/install/diamond_shape_turtle/share/colcon-core/packages/diamond_shape_turtle)
[1.088s] Level 1:colcon.colcon_core.environment:checking '/home/tejasarjuna/Learning_phase/install/turtle_spiral' for CMake module files
[1.089s] Level 1:colcon.colcon_core.environment:checking '/home/tejasarjuna/Learning_phase/install/turtle_spiral' for CMake config files
[1.089s] DEBUG:colcon.colcon_core.event_handler.log_command:Invoked command in '/home/tejasarjuna/Learning_phase/src/turtle_spiral' returned '0': PYTHONPATH=/home/tejasarjuna/Learning_phase/build/turtle_spiral/prefix_override:/usr/lib/python3/dist-packages/colcon_core/task/python/colcon_distutils_commands:/home/tejasarjuna/Learning_phase/install/turtle_spiral/lib/python3.10/site-packages:${PYTHONPATH} /usr/bin/python3 -W ignore:setup.py install is deprecated -W ignore:easy_install command is deprecated setup.py egg_info --egg-base ../../build/turtle_spiral build --build-base /home/tejasarjuna/Learning_phase/build/turtle_spiral/build install --record /home/tejasarjuna/Learning_phase/build/turtle_spiral/install.log --single-version-externally-managed install_data
[1.089s] Level 1:colcon.colcon_core.environment:checking '/home/tejasarjuna/Learning_phase/install/turtle_spiral/lib'
[1.089s] Level 1:colcon.colcon_core.environment:checking '/home/tejasarjuna/Learning_phase/install/turtle_spiral/bin'
[1.089s] Level 1:colcon.colcon_core.environment:checking '/home/tejasarjuna/Learning_phase/install/turtle_spiral/lib/pkgconfig/turtle_spiral.pc'
[1.089s] Level 1:colcon.colcon_core.environment:checking '/home/tejasarjuna/Learning_phase/install/turtle_spiral/lib/python3.10/site-packages'
[1.089s] Level 1:colcon.colcon_core.shell:create_environment_hook('turtle_spiral', 'pythonpath')
[1.089s] INFO:colcon.colcon_core.shell:Creating environment hook '/home/tejasarjuna/Learning_phase/install/turtle_spiral/share/turtle_spiral/hook/pythonpath.ps1'
[1.090s] INFO:colcon.colcon_core.shell:Creating environment descriptor '/home/tejasarjuna/Learning_phase/install/turtle_spiral/share/turtle_spiral/hook/pythonpath.dsv'
[1.090s] INFO:colcon.colcon_core.shell:Creating environment hook '/home/tejasarjuna/Learning_phase/install/turtle_spiral/share/turtle_spiral/hook/pythonpath.sh'
[1.090s] Level 1:colcon.colcon_core.environment:checking '/home/tejasarjuna/Learning_phase/install/turtle_spiral/bin'
[1.090s] Level 1:colcon.colcon_core.environment:create_environment_scripts_only(turtle_spiral)
[1.091s] INFO:colcon.colcon_core.shell:Creating package script '/home/tejasarjuna/Learning_phase/install/turtle_spiral/share/turtle_spiral/package.ps1'
[1.091s] INFO:colcon.colcon_core.shell:Creating package descriptor '/home/tejasarjuna/Learning_phase/install/turtle_spiral/share/turtle_spiral/package.dsv'
[1.091s] INFO:colcon.colcon_core.shell:Creating package script '/home/tejasarjuna/Learning_phase/install/turtle_spiral/share/turtle_spiral/package.sh'
[1.091s] INFO:colcon.colcon_core.shell:Creating package script '/home/tejasarjuna/Learning_phase/install/turtle_spiral/share/turtle_spiral/package.bash'
[1.091s] INFO:colcon.colcon_core.shell:Creating package script '/home/tejasarjuna/Learning_phase/install/turtle_spiral/share/turtle_spiral/package.zsh'
[1.092s] Level 1:colcon.colcon_core.environment:create_file_with_runtime_dependencies(/home/tejasarjuna/Learning_phase/install/turtle_spiral/share/colcon-core/packages/turtle_spiral)
[1.092s] Level 1:colcon.colcon_core.environment:checking '/home/tejasarjuna/Learning_phase/install/publisher_subscription' for CMake module files
[1.092s] Level 1:colcon.colcon_core.environment:checking '/home/tejasarjuna/Learning_phase/install/publisher_subscription' for CMake config files
[1.092s] DEBUG:colcon.colcon_core.event_handler.log_command:Invoked command in '/home/tejasarjuna/Learning_phase/src/publisher_subscription' returned '0': PYTHONPATH=/home/tejasarjuna/Learning_phase/build/publisher_subscription/prefix_override:/usr/lib/python3/dist-packages/colcon_core/task/python/colcon_distutils_commands:/home/tejasarjuna/Learning_phase/install/publisher_subscription/lib/python3.10/site-packages:${PYTHONPATH} /usr/bin/python3 -W ignore:setup.py install is deprecated -W ignore:easy_install command is deprecated setup.py egg_info --egg-base ../../build/publisher_subscription build --build-base /home/tejasarjuna/Learning_phase/build/publisher_subscription/build install --record /home/tejasarjuna/Learning_phase/build/publisher_subscription/install.log --single-version-externally-managed install_data
[1.093s] Level 1:colcon.colcon_core.environment:checking '/home/tejasarjuna/Learning_phase/install/publisher_subscription/lib'
[1.093s] Level 1:colcon.colcon_core.environment:checking '/home/tejasarjuna/Learning_phase/install/publisher_subscription/bin'
[1.093s] Level 1:colcon.colcon_core.environment:checking '/home/tejasarjuna/Learning_phase/install/publisher_subscription/lib/pkgconfig/publisher_subscription.pc'
[1.093s] Level 1:colcon.colcon_core.environment:checking '/home/tejasarjuna/Learning_phase/install/publisher_subscription/lib/python3.10/site-packages'
[1.093s] Level 1:colcon.colcon_core.shell:create_environment_hook('publisher_subscription', 'pythonpath')
[1.093s] INFO:colcon.colcon_core.shell:Creating environment hook '/home/tejasarjuna/Learning_phase/install/publisher_subscription/share/publisher_subscription/hook/pythonpath.ps1'
[1.093s] INFO:colcon.colcon_core.shell:Creating environment descriptor '/home/tejasarjuna/Learning_phase/install/publisher_subscription/share/publisher_subscription/hook/pythonpath.dsv'
[1.094s] INFO:colcon.colcon_core.shell:Creating environment hook '/home/tejasarjuna/Learning_phase/install/publisher_subscription/share/publisher_subscription/hook/pythonpath.sh'
[1.094s] Level 1:colcon.colcon_core.environment:checking '/home/tejasarjuna/Learning_phase/install/publisher_subscription/bin'
[1.094s] Level 1:colcon.colcon_core.environment:create_environment_scripts_only(publisher_subscription)
[1.094s] INFO:colcon.colcon_core.shell:Creating package script '/home/tejasarjuna/Learning_phase/install/publisher_subscription/share/publisher_subscription/package.ps1'
[1.094s] INFO:colcon.colcon_core.shell:Creating package descriptor '/home/tejasarjuna/Learning_phase/install/publisher_subscription/share/publisher_subscription/package.dsv'
[1.095s] INFO:colcon.colcon_core.shell:Creating package script '/home/tejasarjuna/Learning_phase/install/publisher_subscription/share/publisher_subscription/package.sh'
[1.095s] INFO:colcon.colcon_core.shell:Creating package script '/home/tejasarjuna/Learning_phase/install/publisher_subscription/share/publisher_subscription/package.bash'
[1.095s] INFO:colcon.colcon_core.shell:Creating package script '/home/tejasarjuna/Learning_phase/install/publisher_subscription/share/publisher_subscription/package.zsh'
[1.095s] Level 1:colcon.colcon_core.environment:create_file_with_runtime_dependencies(/home/tejasarjuna/Learning_phase/install/publisher_subscription/share/colcon-core/packages/publisher_subscription)
[1.095s] DEBUG:colcon.colcon_parallel_executor.executor.parallel:closing loop
[1.095s] DEBUG:colcon.colcon_parallel_executor.executor.parallel:loop closed
[1.095s] DEBUG:colcon.colcon_parallel_executor.executor.parallel:run_until_complete finished with '0'
[1.096s] DEBUG:colcon.colcon_core.event_reactor:joining thread
[1.099s] INFO:colcon.colcon_core.plugin_system:Skipping extension 'colcon_notification.desktop_notification.terminal_notifier': Not used on non-Darwin systems
[1.099s] INFO:colcon.colcon_core.plugin_system:Skipping extension 'colcon_notification.desktop_notification.win32': Not used on non-Windows systems
[1.099s] INFO:colcon.colcon_notification.desktop_notification:Sending desktop notification using 'notify2'
[1.105s] DEBUG:colcon.colcon_core.event_reactor:joined thread
[1.105s] INFO:colcon.colcon_core.shell:Creating prefix script '/home/tejasarjuna/Learning_phase/install/local_setup.ps1'
[1.105s] INFO:colcon.colcon_core.shell:Creating prefix util module '/home/tejasarjuna/Learning_phase/install/_local_setup_util_ps1.py'
[1.106s] INFO:colcon.colcon_core.shell:Creating prefix chain script '/home/tejasarjuna/Learning_phase/install/setup.ps1'
[1.107s] INFO:colcon.colcon_core.shell:Creating prefix script '/home/tejasarjuna/Learning_phase/install/local_setup.sh'
[1.107s] INFO:colcon.colcon_core.shell:Creating prefix util module '/home/tejasarjuna/Learning_phase/install/_local_setup_util_sh.py'
[1.107s] INFO:colcon.colcon_core.shell:Creating prefix chain script '/home/tejasarjuna/Learning_phase/install/setup.sh'
[1.108s] INFO:colcon.colcon_core.shell:Creating prefix script '/home/tejasarjuna/Learning_phase/install/local_setup.bash'
[1.108s] INFO:colcon.colcon_core.shell:Creating prefix chain script '/home/tejasarjuna/Learning_phase/install/setup.bash'
[1.109s] INFO:colcon.colcon_core.shell:Creating prefix script '/home/tejasarjuna/Learning_phase/install/local_setup.zsh'
[1.109s] INFO:colcon.colcon_core.shell:Creating prefix chain script '/home/tejasarjuna/Learning_phase/install/setup.zsh'
