running egg_info
creating ../../build/diamond_shape_turtle/diamond_shape_turtle.egg-info
writing ../../build/diamond_shape_turtle/diamond_shape_turtle.egg-info/PKG-INFO
writing dependency_links to ../../build/diamond_shape_turtle/diamond_shape_turtle.egg-info/dependency_links.txt
writing entry points to ../../build/diamond_shape_turtle/diamond_shape_turtle.egg-info/entry_points.txt
writing requirements to ../../build/diamond_shape_turtle/diamond_shape_turtle.egg-info/requires.txt
writing top-level names to ../../build/diamond_shape_turtle/diamond_shape_turtle.egg-info/top_level.txt
writing manifest file '../../build/diamond_shape_turtle/diamond_shape_turtle.egg-info/SOURCES.txt'
reading manifest file '../../build/diamond_shape_turtle/diamond_shape_turtle.egg-info/SOURCES.txt'
writing manifest file '../../build/diamond_shape_turtle/diamond_shape_turtle.egg-info/SOURCES.txt'
running build
running build_py
creating /home/tejasarjuna/Learning_phase/build/diamond_shape_turtle/build
creating /home/tejasarjuna/Learning_phase/build/diamond_shape_turtle/build/lib
creating /home/tejasarjuna/Learning_phase/build/diamond_shape_turtle/build/lib/diamond_shape_turtle
copying diamond_shape_turtle/diamond_movement.py -> /home/tejasarjuna/Learning_phase/build/diamond_shape_turtle/build/lib/diamond_shape_turtle
copying diamond_shape_turtle/__init__.py -> /home/tejasarjuna/Learning_phase/build/diamond_shape_turtle/build/lib/diamond_shape_turtle
running install
running install_lib
creating /home/tejasarjuna/Learning_phase/install/diamond_shape_turtle/lib/python3.10/site-packages/diamond_shape_turtle
copying /home/tejasarjuna/Learning_phase/build/diamond_shape_turtle/build/lib/diamond_shape_turtle/diamond_movement.py -> /home/tejasarjuna/Learning_phase/install/diamond_shape_turtle/lib/python3.10/site-packages/diamond_shape_turtle
copying /home/tejasarjuna/Learning_phase/build/diamond_shape_turtle/build/lib/diamond_shape_turtle/__init__.py -> /home/tejasarjuna/Learning_phase/install/diamond_shape_turtle/lib/python3.10/site-packages/diamond_shape_turtle
byte-compiling /home/tejasarjuna/Learning_phase/install/diamond_shape_turtle/lib/python3.10/site-packages/diamond_shape_turtle/diamond_movement.py to diamond_movement.cpython-310.pyc
byte-compiling /home/tejasarjuna/Learning_phase/install/diamond_shape_turtle/lib/python3.10/site-packages/diamond_shape_turtle/__init__.py to __init__.cpython-310.pyc
running install_data
creating /home/tejasarjuna/Learning_phase/install/diamond_shape_turtle/share/ament_index
creating /home/tejasarjuna/Learning_phase/install/diamond_shape_turtle/share/ament_index/resource_index
creating /home/tejasarjuna/Learning_phase/install/diamond_shape_turtle/share/ament_index/resource_index/packages
copying resource/diamond_shape_turtle -> /home/tejasarjuna/Learning_phase/install/diamond_shape_turtle/share/ament_index/resource_index/packages
copying package.xml -> /home/tejasarjuna/Learning_phase/install/diamond_shape_turtle/share/diamond_shape_turtle
running install_egg_info
Copying ../../build/diamond_shape_turtle/diamond_shape_turtle.egg-info to /home/tejasarjuna/Learning_phase/install/diamond_shape_turtle/lib/python3.10/site-packages/diamond_shape_turtle-0.0.0-py3.10.egg-info
running install_scripts
Installing diamond_shape script to /home/tejasarjuna/Learning_phase/install/diamond_shape_turtle/lib/diamond_shape_turtle
writing list of installed files to '/home/tejasarjuna/Learning_phase/build/diamond_shape_turtle/install.log'
